/home/huaijian/anaconda3/lib/python3.7/site-packages/visdom/server.py:30: DeprecationWarning: zmq.eventloop.ioloop is deprecated in pyzmq 17. pyzmq now works with default tornado and asyncio eventloops.
  ioloop.install()  # Needs to happen before any tornado imports!
INFO:root:Application Started
Traceback (most recent call last):
  File "/home/huaijian/anaconda3/lib/python3.7/runpy.py", line 193, in _run_module_as_main
    "__main__", mod_spec)
  File "/home/huaijian/anaconda3/lib/python3.7/runpy.py", line 85, in _run_code
    exec(code, run_globals)
  File "/home/huaijian/anaconda3/lib/python3.7/site-packages/visdom/server.py", line 1308, in <module>
    download_scripts_and_run()
  File "/home/huaijian/anaconda3/lib/python3.7/site-packages/visdom/server.py", line 1304, in download_scripts_and_run
    main()
  File "/home/huaijian/anaconda3/lib/python3.7/site-packages/visdom/server.py", line 1299, in main
    print_func=print_func, user_credential=user_credential)
  File "/home/huaijian/anaconda3/lib/python3.7/site-packages/visdom/server.py", line 1231, in start_server
    ioloop.IOLoop.instance().start()
  File "/home/huaijian/anaconda3/lib/python3.7/site-packages/tornado/platform/asyncio.py", line 148, in start
    self.asyncio_loop.run_forever()
  File "/home/huaijian/anaconda3/lib/python3.7/asyncio/base_events.py", line 539, in run_forever
    self._run_once()
  File "/home/huaijian/anaconda3/lib/python3.7/asyncio/base_events.py", line 1739, in _run_once
    event_list = self._selector.select(timeout)
  File "/home/huaijian/anaconda3/lib/python3.7/selectors.py", line 468, in select
    fd_event_list = self._selector.poll(timeout, max_ev)
KeyboardInterrupt
Checking for scripts.
It's Alive!
You can navigate to http://localhost:8097
